<?xml version="1.0" encoding="UTF-8" ?>
<<<<<<< HEAD
<testsuite failures="0" time="0.013" errors="0" skipped="0" tests="1" name="org.iiitb.os.os_proj.AppTest">
=======
<testsuite failures="0" time="0.027" errors="0" skipped="0" tests="1" name="org.iiitb.os.os_proj.AppTest">
>>>>>>> branch 'master' of https://github.com/navinpai/OSMT2013.git
  <properties>
<<<<<<< HEAD
    <property name="java.runtime.name" value="OpenJDK Runtime Environment"/>
    <property name="sun.boot.library.path" value="/usr/lib/jvm/java-6-openjdk-amd64/jre/lib/amd64"/>
    <property name="java.vm.version" value="20.0-b12"/>
    <property name="java.vm.vendor" value="Sun Microsystems Inc."/>
    <property name="java.vendor.url" value="http://java.sun.com/"/>
=======
    <property name="java.runtime.name" value="Java(TM) SE Runtime Environment"/>
    <property name="sun.boot.library.path" value="/usr/lib/jvm/jdk1.7.0/jre/lib/i386"/>
    <property name="java.vm.version" value="23.25-b01"/>
    <property name="java.vm.vendor" value="Oracle Corporation"/>
    <property name="java.vendor.url" value="http://java.oracle.com/"/>
>>>>>>> branch 'master' of https://github.com/navinpai/OSMT2013.git
    <property name="path.separator" value=":"/>
    <property name="guice.disable.misplaced.annotation.check" value="true"/>
<<<<<<< HEAD
    <property name="java.vm.name" value="OpenJDK 64-Bit Server VM"/>
=======
    <property name="java.vm.name" value="Java HotSpot(TM) Client VM"/>
>>>>>>> branch 'master' of https://github.com/navinpai/OSMT2013.git
    <property name="file.encoding.pkg" value="sun.io"/>
    <property name="user.country" value="IN"/>
    <property name="sun.java.launcher" value="SUN_STANDARD"/>
    <property name="sun.os.patch.level" value="unknown"/>
    <property name="java.vm.specification.name" value="Java Virtual Machine Specification"/>
<<<<<<< HEAD
    <property name="user.dir" value="/home/rajat/workspace/OSMT2013"/>
    <property name="java.runtime.version" value="1.6.0_27-b27"/>
=======
    <property name="user.dir" value="/home/navin/workspace/OSMT2013"/>
    <property name="java.runtime.version" value="1.7.0_25-b15"/>
>>>>>>> branch 'master' of https://github.com/navinpai/OSMT2013.git
    <property name="java.awt.graphicsenv" value="sun.awt.X11GraphicsEnvironment"/>
<<<<<<< HEAD
    <property name="java.endorsed.dirs" value="/usr/lib/jvm/java-6-openjdk-amd64/jre/lib/endorsed"/>
    <property name="os.arch" value="amd64"/>
=======
    <property name="java.endorsed.dirs" value="/usr/lib/jvm/jdk1.7.0/jre/lib/endorsed"/>
    <property name="os.arch" value="i386"/>
>>>>>>> branch 'master' of https://github.com/navinpai/OSMT2013.git
    <property name="java.io.tmpdir" value="/tmp"/>
    <property name="line.separator" value="
"/>
    <property name="java.vm.specification.vendor" value="Oracle Corporation"/>
    <property name="os.name" value="Linux"/>
<<<<<<< HEAD
    <property name="classworlds.conf" value="/home/rajat/workspace/.metadata/.plugins/org.eclipse.m2e.launching/launches/m2conf8287464625629399993.tmp"/>
=======
    <property name="classworlds.conf" value="/home/navin/workspace/.metadata/.plugins/org.eclipse.m2e.launching/launches/m2conf328282444805801179.tmp"/>
>>>>>>> branch 'master' of https://github.com/navinpai/OSMT2013.git
    <property name="sun.jnu.encoding" value="UTF-8"/>
<<<<<<< HEAD
    <property name="java.library.path" value="/usr/lib/jvm/java-6-openjdk-amd64/jre/lib/amd64/server:/usr/lib/jvm/java-6-openjdk-amd64/jre/lib/amd64:/usr/lib/jvm/java-6-openjdk-amd64/jre/../lib/amd64:/usr/java/packages/lib/amd64:/usr/lib/x86_64-linux-gnu/jni:/lib/x86_64-linux-gnu:/usr/lib/x86_64-linux-gnu:/usr/lib/jni:/lib:/usr/lib"/>
=======
    <property name="java.library.path" value="/usr/lib/jvm/jdk1.7.0/jre/lib/i386/client:/usr/lib/jvm/jdk1.7.0/jre/lib/i386::/usr/java/packages/lib/i386:/lib:/usr/lib"/>
>>>>>>> branch 'master' of https://github.com/navinpai/OSMT2013.git
    <property name="java.specification.name" value="Java Platform API Specification"/>
<<<<<<< HEAD
    <property name="java.class.version" value="50.0"/>
    <property name="sun.management.compiler" value="HotSpot 64-Bit Tiered Compilers"/>
    <property name="os.version" value="3.2.0-23-generic"/>
    <property name="user.home" value="/home/rajat"/>
=======
    <property name="java.class.version" value="51.0"/>
    <property name="sun.management.compiler" value="HotSpot Client Compiler"/>
    <property name="os.version" value="3.2.0-4-486"/>
    <property name="user.home" value="/home/navin"/>
>>>>>>> branch 'master' of https://github.com/navinpai/OSMT2013.git
    <property name="user.timezone" value="Asia/Kolkata"/>
    <property name="java.awt.printerjob" value="sun.print.PSPrinterJob"/>
    <property name="file.encoding" value="UTF-8"/>
<<<<<<< HEAD
    <property name="java.specification.version" value="1.6"/>
    <property name="user.name" value="rajat"/>
    <property name="java.class.path" value="/home/rajat/eclipse/configuration/org.eclipse.osgi/bundles/263/1/.cp/jars/plexus-classworlds-2.4.jar"/>
    <property name="java.vm.specification.version" value="1.0"/>
    <property name="sun.arch.data.model" value="64"/>
    <property name="java.home" value="/usr/lib/jvm/java-6-openjdk-amd64/jre"/>
=======
    <property name="java.specification.version" value="1.7"/>
    <property name="user.name" value="navin"/>
    <property name="java.class.path" value="/home/navin/eclipse-kepler/configuration/org.eclipse.osgi/bundles/263/1/.cp/jars/plexus-classworlds-2.4.jar"/>
    <property name="java.vm.specification.version" value="1.7"/>
    <property name="sun.arch.data.model" value="32"/>
    <property name="java.home" value="/usr/lib/jvm/jdk1.7.0/jre"/>
>>>>>>> branch 'master' of https://github.com/navinpai/OSMT2013.git
    <property name="sun.java.command" value="org.codehaus.plexus.classworlds.launcher.Launcher -B install"/>
    <property name="java.specification.vendor" value="Oracle Corporation"/>
    <property name="user.language" value="en"/>
    <property name="awt.toolkit" value="sun.awt.X11.XToolkit"/>
    <property name="java.vm.info" value="mixed mode"/>
<<<<<<< HEAD
    <property name="java.version" value="1.6.0_27"/>
    <property name="java.ext.dirs" value="/usr/lib/jvm/java-6-openjdk-amd64/jre/lib/ext:/usr/java/packages/lib/ext"/>
=======
    <property name="java.version" value="1.7.0_25"/>
    <property name="java.ext.dirs" value="/usr/lib/jvm/jdk1.7.0/jre/lib/ext:/usr/java/packages/lib/ext"/>
>>>>>>> branch 'master' of https://github.com/navinpai/OSMT2013.git
    <property name="securerandom.source" value="file:/dev/./urandom"/>
<<<<<<< HEAD
    <property name="sun.boot.class.path" value="/usr/lib/jvm/java-6-openjdk-amd64/jre/lib/resources.jar:/usr/lib/jvm/java-6-openjdk-amd64/jre/lib/rt.jar:/usr/lib/jvm/java-6-openjdk-amd64/jre/lib/sunrsasign.jar:/usr/lib/jvm/java-6-openjdk-amd64/jre/lib/jsse.jar:/usr/lib/jvm/java-6-openjdk-amd64/jre/lib/jce.jar:/usr/lib/jvm/java-6-openjdk-amd64/jre/lib/charsets.jar:/usr/lib/jvm/java-6-openjdk-amd64/jre/lib/netx.jar:/usr/lib/jvm/java-6-openjdk-amd64/jre/lib/plugin.jar:/usr/lib/jvm/java-6-openjdk-amd64/jre/lib/rhino.jar:/usr/lib/jvm/java-6-openjdk-amd64/jre/lib/modules/jdk.boot.jar:/usr/lib/jvm/java-6-openjdk-amd64/jre/classes"/>
    <property name="java.vendor" value="Sun Microsystems Inc."/>
    <property name="maven.home" value="/home/rajat/workspace/OSMT2013/EMBEDDED"/>
=======
    <property name="sun.boot.class.path" value="/usr/lib/jvm/jdk1.7.0/jre/lib/resources.jar:/usr/lib/jvm/jdk1.7.0/jre/lib/rt.jar:/usr/lib/jvm/jdk1.7.0/jre/lib/sunrsasign.jar:/usr/lib/jvm/jdk1.7.0/jre/lib/jsse.jar:/usr/lib/jvm/jdk1.7.0/jre/lib/jce.jar:/usr/lib/jvm/jdk1.7.0/jre/lib/charsets.jar:/usr/lib/jvm/jdk1.7.0/jre/lib/jfr.jar:/usr/lib/jvm/jdk1.7.0/jre/classes"/>
    <property name="java.vendor" value="Oracle Corporation"/>
    <property name="maven.home" value="/home/navin/workspace/OSMT2013/EMBEDDED"/>
>>>>>>> branch 'master' of https://github.com/navinpai/OSMT2013.git
    <property name="file.separator" value="/"/>
<<<<<<< HEAD
    <property name="java.vendor.url.bug" value="http://java.sun.com/cgi-bin/bugreport.cgi"/>
    <property name="maven.bootclasspath" value="/home/rajat/eclipse/configuration/org.eclipse.osgi/bundles/263/1/.cp/jars/plexus-classworlds-2.4.jar"/>
=======
    <property name="java.vendor.url.bug" value="http://bugreport.sun.com/bugreport/"/>
    <property name="maven.bootclasspath" value="/home/navin/eclipse-kepler/configuration/org.eclipse.osgi/bundles/263/1/.cp/jars/plexus-classworlds-2.4.jar"/>
>>>>>>> branch 'master' of https://github.com/navinpai/OSMT2013.git
    <property name="sun.cpu.endian" value="little"/>
    <property name="sun.io.unicode.encoding" value="UnicodeLittle"/>
    <property name="sun.cpu.isalist" value=""/>
  </properties>
  <testcase time="0.001" classname="org.iiitb.os.os_proj.AppTest" name="testApp"/>
</testsuite>
